#
# A fatal error has been detected by the Java Runtime Environment:
#
#  SIGSEGV (0xb) at pc=0xb6a60f8a, pid=4616, tid=0x60733b40
#
# JRE version: Java(TM) SE Runtime Environment (8.0_131-b11) (build 1.8.0_131-b11)
# Java VM: Java HotSpot(TM) Server VM (25.131-b11 mixed mode linux-x86 )
# Problematic frame:
# V  [libjvm.so+0x2fbf8a]  ClassFileParser::parse_field_attributes(unsigned short, bool, unsigned short, unsigned short*, bool*, unsigned short*, ClassFileParser::FieldAnnotationCollector*, Thread*)+0x19a
#
# Failed to write core dump. Core dumps have been disabled. To enable core dumping, try "ulimit -c unlimited" before starting Java again
#
# If you would like to submit a bug report, please visit:
#   http://bugreport.java.com/bugreport/crash.jsp
#

---------------  T H R E A D  ---------------

Current thread (0x60b7dc00):  JavaThread "http-nio-8080-Acceptor-0" daemon [_thread_in_vm, id=4667, stack(0x606e3000,0x60734000)]

siginfo: si_signo: 11 (SIGSEGV), si_code: 1 (SEGV_MAPERR), si_addr: 0xc1d6a44a

Registers:
EAX=0xa1013938, EBX=0xb7142078, ECX=0x00000000, EDX=0xc1d6a44a
ESP=0x607322d8, EBP=0x60732340, ESI=0x62d7dd88, EDI=0x60b7dc00
EIP=0xb6a60f8a, EFLAGS=0x00010246, CR2=0xc1d6a44a

Top of Stack: (sp=0x607322d8)
0x607322d8:   00000006 00000006 60732340 b7580980
0x607322e8:   b7089d54 00eb0000 5efd0078 62d7dd88
0x607322f8:   00000001 00730000 00000000 00000000
0x60732308:   00000000 00000000 00000000 00000000
0x60732318:   00000000 00000000 00732350 b704189e
0x60732328:   0000707d b7580980 00000000 b7142078
0x60732338:   00000000 000000eb 60732510 b6a61a71
0x60732348:   60732844 00005efe 00000000 000000eb 

Instructions: (pc=0xb6a60f8a)
0xb6a60f6a:   57 57 56 52 e8 ed 75 00 00 83 c4 10 8b 4d 28 8b
0xb6a60f7a:   49 04 85 c9 0f 85 7c 00 00 00 8b 75 b4 8b 56 08
0xb6a60f8a:   66 8b 0a 66 89 c8 86 c4 66 89 c1 8d 42 02 89 46
0xb6a60f9a:   08 8b 7a 02 0f cf 83 c2 06 89 56 08 89 ce 8b 55 

Register to memory mapping:

EAX=0xa1013938 is an unallocated location in the heap
EBX=0xb7142078: <offset 0x9dd078> in /usr/lib/jvm/java-8-oracle/jre/lib/i386/server/libjvm.so at 0xb6765000
ECX=0x00000000 is an unknown value
EDX=0xc1d6a44a is an unknown value
ESP=0x607322d8 is pointing into the stack for thread: 0x60b7dc00
EBP=0x60732340 is pointing into the stack for thread: 0x60b7dc00
ESI=0x62d7dd88 is an unknown value
EDI=0x60b7dc00 is a thread


Stack: [0x606e3000,0x60734000],  sp=0x607322d8,  free space=316k
Native frames: (J=compiled Java code, j=interpreted, Vv=VM code, C=native code)
V  [libjvm.so+0x2fbf8a]  ClassFileParser::parse_field_attributes(unsigned short, bool, unsigned short, unsigned short*, bool*, unsigned short*, ClassFileParser::FieldAnnotationCollector*, Thread*)+0x19a
V  [libjvm.so+0x2fca71]  ClassFileParser::parse_fields(Symbol*, bool, FieldAllocationCount*, unsigned short*, Thread*)+0x461
V  [libjvm.so+0x301836]  ClassFileParser::parseClassFile(Symbol*, ClassLoaderData*, Handle, KlassHandle, GrowableArray<Handle>*, TempNewSymbol&, bool, Thread*)+0xc56
V  [libjvm.so+0x30681e]  ClassLoader::load_classfile(Symbol*, Thread*)+0x3de
V  [libjvm.so+0x8541ac]  SystemDictionary::load_instance_class(Symbol*, Handle, Thread*)+0x38c
V  [libjvm.so+0x8531fc]  SystemDictionary::resolve_instance_class_or_null(Symbol*, Handle, Handle, Thread*)+0x6dc
V  [libjvm.so+0x8545fe]  SystemDictionary::resolve_or_fail(Symbol*, Handle, Handle, bool, Thread*)+0x1e
V  [libjvm.so+0x388cfd]  ConstantPool::klass_at_impl(constantPoolHandle, int, Thread*)+0x10d
V  [libjvm.so+0x4f5147]  InterpreterRuntime::_new(JavaThread*, ConstantPool*, int)+0x87
j  sun.nio.ch.ServerSocketChannelImpl.accept()Ljava/nio/channels/SocketChannel;+254
j  org.apache.tomcat.util.net.NioEndpoint$Acceptor.run()V+88
j  java.lang.Thread.run()V+11
v  ~StubRoutines::call_stub
V  [libjvm.so+0x50033f]  JavaCalls::call_helper(JavaValue*, methodHandle*, JavaCallArguments*, Thread*)+0x101f
V  [libjvm.so+0x752b99]  os::os_exception_wrapper(void (*)(JavaValue*, methodHandle*, JavaCallArguments*, Thread*), JavaValue*, methodHandle*, JavaCallArguments*, Thread*)+0x19
V  [libjvm.so+0x50074c]  JavaCalls::call_virtual(JavaValue*, KlassHandle, Symbol*, Symbol*, JavaCallArguments*, Thread*)+0x25c
V  [libjvm.so+0x500b8b]  JavaCalls::call_virtual(JavaValue*, Handle, KlassHandle, Symbol*, Symbol*, Thread*)+0x4b
V  [libjvm.so+0x593fa0]  thread_entry(JavaThread*, Thread*)+0x90
V  [libjvm.so+0x88a25f]  JavaThread::thread_main_inner()+0xff
V  [libjvm.so+0x88a3db]  JavaThread::run()+0x14b
V  [libjvm.so+0x75a3f9]  java_start(Thread*)+0x119
C  [libpthread.so.0+0x6f72]  start_thread+0xd2
C  [libc.so.6+0xee3ee]  clone+0x5e

Java frames: (J=compiled Java code, j=interpreted, Vv=VM code)
j  sun.nio.ch.ServerSocketChannelImpl.accept()Ljava/nio/channels/SocketChannel;+254
j  org.apache.tomcat.util.net.NioEndpoint$Acceptor.run()V+88
j  java.lang.Thread.run()V+11
v  ~StubRoutines::call_stub

---------------  P R O C E S S  ---------------

Java Threads: ( => current thread )
  0x6795e400 JavaThread "Thread-4" [_thread_blocked, id=7550, stack(0x60641000,0x60692000)]
  0x60b81000 JavaThread "SIGINT handler" daemon [_thread_blocked, id=7548, stack(0x63d5e000,0x63daf000)]
  0xb650b000 JavaThread "DestroyJavaVM" [_thread_blocked, id=4618, stack(0xb66ce000,0xb671f000)]
  0x60b7ec00 JavaThread "http-nio-8080-AsyncTimeout" daemon [_thread_blocked, id=4668, stack(0x60692000,0x606e3000)]
=>0x60b7dc00 JavaThread "http-nio-8080-Acceptor-0" daemon [_thread_in_vm, id=4667, stack(0x606e3000,0x60734000)]
  0x60b7bc00 JavaThread "http-nio-8080-ClientPoller-1" daemon [_thread_in_native, id=4666, stack(0x60734000,0x60785000)]
  0x60b60400 JavaThread "http-nio-8080-ClientPoller-0" daemon [_thread_in_native, id=4665, stack(0x60785000,0x607d6000)]
  0x60b5e800 JavaThread "http-nio-8080-exec-10" daemon [_thread_blocked, id=4664, stack(0x607d6000,0x60827000)]
  0x60b5d400 JavaThread "http-nio-8080-exec-9" daemon [_thread_blocked, id=4663, stack(0x60827000,0x60878000)]
  0x60b5bc00 JavaThread "http-nio-8080-exec-8" daemon [_thread_blocked, id=4662, stack(0x60878000,0x608c9000)]
  0x60b5a400 JavaThread "http-nio-8080-exec-7" daemon [_thread_blocked, id=4661, stack(0x608c9000,0x6091a000)]
  0x60b58c00 JavaThread "http-nio-8080-exec-6" daemon [_thread_blocked, id=4660, stack(0x6091a000,0x6096b000)]
  0x60b57800 JavaThread "http-nio-8080-exec-5" daemon [_thread_blocked, id=4659, stack(0x6096b000,0x609bc000)]
  0x60b56000 JavaThread "http-nio-8080-exec-4" daemon [_thread_blocked, id=4658, stack(0x609bc000,0x60a0d000)]
  0x60b54800 JavaThread "http-nio-8080-exec-3" daemon [_thread_blocked, id=4657, stack(0x60a0d000,0x60a5e000)]
  0x60b53400 JavaThread "http-nio-8080-exec-2" daemon [_thread_blocked, id=4656, stack(0x60a5e000,0x60aaf000)]
  0x60b52000 JavaThread "http-nio-8080-exec-1" daemon [_thread_blocked, id=4655, stack(0x60aaf000,0x60b00000)]
  0x60b50400 JavaThread "NioBlockingSelector.BlockPoller-1" daemon [_thread_in_native, id=4654, stack(0x6190d000,0x6195e000)]
  0x61c39800 JavaThread "container-0" [_thread_blocked, id=4651, stack(0x61baf000,0x61c00000)]
  0x61c38800 JavaThread "ContainerBackgroundProcessor[StandardEngine[Tomcat]]" daemon [_thread_blocked, id=4650, stack(0x62819000,0x6286a000)]
  0x64201400 JavaThread "Service Thread" daemon [_thread_blocked, id=4638, stack(0x641af000,0x64200000)]
  0x645f7400 JavaThread "C1 CompilerThread1" daemon [_thread_blocked, id=4637, stack(0x64335000,0x643b6000)]
  0x645ecc00 JavaThread "C2 CompilerThread0" daemon [_thread_in_native, id=4636, stack(0x643cc000,0x6444d000)]
  0x645eb400 JavaThread "Monitor Ctrl-Break" daemon [_thread_in_native, id=4635, stack(0x6444d000,0x6449e000)]
  0x67832c00 JavaThread "Signal Dispatcher" daemon [_thread_blocked, id=4629, stack(0x648b3000,0x64904000)]
  0x67818400 JavaThread "Finalizer" daemon [_thread_blocked, id=4627, stack(0x64c36000,0x64c87000)]
  0x67815800 JavaThread "Reference Handler" daemon [_thread_blocked, id=4625, stack(0x64c87000,0x64cd8000)]

Other Threads:
  0x67811000 VMThread [stack: 0x64cd8000,0x64d59000] [id=4624]
  0x64203400 WatcherThread [stack: 0x6412e000,0x641af000] [id=4639]

VM state:not at safepoint (normal execution)

VM Mutex/Monitor currently owned by a thread: None

Heap:
 PSYoungGen      total 182016K, used 156223K [0x91f80000, 0x9e780000, 0xa7000000)
  eden space 170752K, 91% used [0x91f80000,0x9b80fd28,0x9c640000)
  from space 11264K, 0% used [0x9d4c0000,0x9d4c0000,0x9dfc0000)
  to   space 14848K, 0% used [0x9c640000,0x9c640000,0x9d4c0000)
 ParOldGen       total 65536K, used 24373K [0x67e00000, 0x6be00000, 0x91f80000)
  object space 65536K, 37% used [0x67e00000,0x695cd760,0x6be00000)
 Metaspace       used 30523K, capacity 30794K, committed 30976K, reserved 31024K

Card table byte_map: [0x67c06000,0x67e00000] byte_map_base: 0x678c7000

Marking Bits: (ParMarkBitMap*) 0xb7172700
 Begin Bits: [0x65770000, 0x66738000)
 End Bits:   [0x66738000, 0x67700000)

Polling page: 0xb777a000

CodeCache: size=245760Kb used=10125Kb max_used=10187Kb free=235634Kb
 bounds [0xa7500000, 0xa7f00000, 0xb6500000]
 total_blobs=3894 nmethods=3674 adapters=135
 compilation: enabled

Compilation events (10 events):
Event: 18935,119 Thread 0x645f7400 4079       3       org.h2.mvstore.Page::getKey (7 bytes)
Event: 18935,119 Thread 0x645f7400 nmethod 4079 0xa7ef6308 code [0xa7ef6420, 0xa7ef6520]
Event: 18935,119 Thread 0x645f7400 4078       3       org.h2.value.NullableKeyConcurrentMap::toUpper (15 bytes)
Event: 18935,119 Thread 0x645f7400 nmethod 4078 0xa7ef6608 code [0xa7ef6720, 0xa7ef68ac]
Event: 18935,122 Thread 0x645f7400 4081   !   3       java.util.concurrent.ConcurrentHashMap::clear (176 bytes)
Event: 18935,124 Thread 0x645f7400 nmethod 4081 0xa7ef6948 code [0xa7ef6b20, 0xa7ef7558]
Event: 18935,128 Thread 0x645f7400 4082       3       sun.net.www.ParseUtil::encodePath (336 bytes)
Event: 18935,129 Thread 0x645f7400 nmethod 4082 0xa7ef7a08 code [0xa7ef7c40, 0xa7ef8838]
Event: 18935,130 Thread 0x645f7400 4083       3       java.net.URI$Parser::substring (10 bytes)
Event: 18935,130 Thread 0x645f7400 nmethod 4083 0xa76584c8 code [0xa76585e0, 0xa765874c]

GC Heap History (10 events):
Event: 6,400 GC heap before
{Heap before GC invocations=8 (full 0):
 PSYoungGen      total 72192K, used 45751K [0x91f80000, 0x9b080000, 0xa7000000)
  eden space 65792K, 59% used [0x91f80000,0x945f0800,0x95fc0000)
  from space 6400K, 99% used [0x95fc0000,0x965fd6a8,0x96600000)
  to   space 8448K, 0% used [0x9a840000,0x9a840000,0x9b080000)
 ParOldGen       total 43776K, used 7336K [0x67e00000, 0x6a8c0000, 0x91f80000)
  object space 43776K, 16% used [0x67e00000,0x6852a138,0x6a8c0000)
 Metaspace       used 16151K, capacity 16351K, committed 16384K, reserved 16688K
Event: 6,431 GC heap after
Heap after GC invocations=8 (full 0):
 PSYoungGen      total 139264K, used 7356K [0x91f80000, 0x9b200000, 0xa7000000)
  eden space 130816K, 0% used [0x91f80000,0x91f80000,0x99f40000)
  from space 8448K, 87% used [0x9a840000,0x9af6f288,0x9b080000)
  to   space 9216K, 0% used [0x99f40000,0x99f40000,0x9a840000)
 ParOldGen       total 43776K, used 7722K [0x67e00000, 0x6a8c0000, 0x91f80000)
  object space 43776K, 17% used [0x67e00000,0x6858a968,0x6a8c0000)
 Metaspace       used 16151K, capacity 16351K, committed 16384K, reserved 16688K
}
Event: 6,431 GC heap before
{Heap before GC invocations=9 (full 1):
 PSYoungGen      total 139264K, used 7356K [0x91f80000, 0x9b200000, 0xa7000000)
  eden space 130816K, 0% used [0x91f80000,0x91f80000,0x99f40000)
  from space 8448K, 87% used [0x9a840000,0x9af6f288,0x9b080000)
  to   space 9216K, 0% used [0x99f40000,0x99f40000,0x9a840000)
 ParOldGen       total 43776K, used 7722K [0x67e00000, 0x6a8c0000, 0x91f80000)
  object space 43776K, 17% used [0x67e00000,0x6858a968,0x6a8c0000)
 Metaspace       used 16151K, capacity 16351K, committed 16384K, reserved 16688K
Event: 6,574 GC heap after
Heap after GC invocations=9 (full 1):
 PSYoungGen      total 139264K, used 0K [0x91f80000, 0x9b200000, 0xa7000000)
  eden space 130816K, 0% used [0x91f80000,0x91f80000,0x99f40000)
  from space 8448K, 0% used [0x9a840000,0x9a840000,0x9b080000)
  to   space 9216K, 0% used [0x99f40000,0x99f40000,0x9a840000)
 ParOldGen       total 36096K, used 9273K [0x67e00000, 0x6a140000, 0x91f80000)
  object space 36096K, 25% used [0x67e00000,0x6870e5d8,0x6a140000)
 Metaspace       used 16151K, capacity 16351K, committed 16384K, reserved 16688K
}
Event: 8,408 GC heap before
{Heap before GC invocations=10 (full 1):
 PSYoungGen      total 139264K, used 130816K [0x91f80000, 0x9b200000, 0xa7000000)
  eden space 130816K, 100% used [0x91f80000,0x99f40000,0x99f40000)
  from space 8448K, 0% used [0x9a840000,0x9a840000,0x9b080000)
  to   space 9216K, 0% used [0x99f40000,0x99f40000,0x9a840000)
 ParOldGen       total 36096K, used 9273K [0x67e00000, 0x6a140000, 0x91f80000)
  object space 36096K, 25% used [0x67e00000,0x6870e5d8,0x6a140000)
 Metaspace       used 20670K, capacity 20897K, committed 20992K, reserved 21808K
Event: 8,435 GC heap after
Heap after GC invocations=10 (full 1):
 PSYoungGen      total 140032K, used 9204K [0x91f80000, 0x9dfc0000, 0xa7000000)
  eden space 130816K, 0% used [0x91f80000,0x91f80000,0x99f40000)
  from space 9216K, 99% used [0x99f40000,0x9a83d090,0x9a840000)
  to   space 11264K, 0% used [0x9d4c0000,0x9d4c0000,0x9dfc0000)
 ParOldGen       total 36096K, used 11481K [0x67e00000, 0x6a140000, 0x91f80000)
  object space 36096K, 31% used [0x67e00000,0x68936440,0x6a140000)
 Metaspace       used 20670K, capacity 20897K, committed 20992K, reserved 21808K
}
Event: 10,103 GC heap before
{Heap before GC invocations=11 (full 1):
 PSYoungGen      total 140032K, used 100519K [0x91f80000, 0x9dfc0000, 0xa7000000)
  eden space 130816K, 69% used [0x91f80000,0x978acbd8,0x99f40000)
  from space 9216K, 99% used [0x99f40000,0x9a83d090,0x9a840000)
  to   space 11264K, 0% used [0x9d4c0000,0x9d4c0000,0x9dfc0000)
 ParOldGen       total 36096K, used 11481K [0x67e00000, 0x6a140000, 0x91f80000)
  object space 36096K, 31% used [0x67e00000,0x68936440,0x6a140000)
 Metaspace       used 26978K, capacity 27219K, committed 27308K, reserved 27952K
Event: 10,157 GC heap after
Heap after GC invocations=11 (full 1):
 PSYoungGen      total 182016K, used 11250K [0x91f80000, 0x9e780000, 0xa7000000)
  eden space 170752K, 0% used [0x91f80000,0x91f80000,0x9c640000)
  from space 11264K, 99% used [0x9d4c0000,0x9dfbc938,0x9dfc0000)
  to   space 14848K, 0% used [0x9c640000,0x9c640000,0x9d4c0000)
 ParOldGen       total 36096K, used 17006K [0x67e00000, 0x6a140000, 0x91f80000)
  object space 36096K, 47% used [0x67e00000,0x68e9b9c0,0x6a140000)
 Metaspace       used 26978K, capacity 27219K, committed 27308K, reserved 27952K
}
Event: 10,157 GC heap before
{Heap before GC invocations=12 (full 2):
 PSYoungGen      total 182016K, used 11250K [0x91f80000, 0x9e780000, 0xa7000000)
  eden space 170752K, 0% used [0x91f80000,0x91f80000,0x9c640000)
  from space 11264K, 99% used [0x9d4c0000,0x9dfbc938,0x9dfc0000)
  to   space 14848K, 0% used [0x9c640000,0x9c640000,0x9d4c0000)
 ParOldGen       total 36096K, used 17006K [0x67e00000, 0x6a140000, 0x91f80000)
  object space 36096K, 47% used [0x67e00000,0x68e9b9c0,0x6a140000)
 Metaspace       used 26978K, capacity 27219K, committed 27308K, reserved 27952K
Event: 10,323 GC heap after
Heap after GC invocations=12 (full 2):
 PSYoungGen      total 182016K, used 0K [0x91f80000, 0x9e780000, 0xa7000000)
  eden space 170752K, 0% used [0x91f80000,0x91f80000,0x9c640000)
  from space 11264K, 0% used [0x9d4c0000,0x9d4c0000,0x9dfc0000)
  to   space 14848K, 0% used [0x9c640000,0x9c640000,0x9d4c0000)
 ParOldGen       total 65536K, used 24373K [0x67e00000, 0x6be00000, 0x91f80000)
  object space 65536K, 37% used [0x67e00000,0x695cd760,0x6be00000)
 Metaspace       used 26978K, capacity 27219K, committed 27308K, reserved 27952K
}

Deoptimization events (10 events):
Event: 11,564 Thread 0xb650b000 Uncommon trap: reason=unstable_if action=reinterpret pc=0xa7d8e64c method=java.util.concurrent.ConcurrentHashMap.transfer([Ljava/util/concurrent/ConcurrentHashMap$Node;[Ljava/util/concurrent/ConcurrentHashMap$Node;)V @ 356
Event: 11,574 Thread 0xb650b000 Uncommon trap: reason=unstable_if action=reinterpret pc=0xa7d74f88 method=java.util.concurrent.ConcurrentHashMap.transfer([Ljava/util/concurrent/ConcurrentHashMap$Node;[Ljava/util/concurrent/ConcurrentHashMap$Node;)V @ 356
Event: 11,575 Thread 0xb650b000 Uncommon trap: reason=unstable_if action=reinterpret pc=0xa7c6fbb8 method=java.util.concurrent.ConcurrentHashMap.transfer([Ljava/util/concurrent/ConcurrentHashMap$Node;[Ljava/util/concurrent/ConcurrentHashMap$Node;)V @ 356
Event: 12,130 Thread 0xb650b000 Uncommon trap: reason=unstable_if action=reinterpret pc=0xa75cdf70 method=java.lang.Class$MethodArray.addIfNotPresent(Ljava/lang/reflect/Method;)V @ 19
Event: 12,164 Thread 0xb650b000 Uncommon trap: reason=unstable_if action=reinterpret pc=0xa7d8bc78 method=org.springframework.util.ConcurrentReferenceHashMap$Segment.clear()V @ 4
Event: 12,240 Thread 0xb650b000 Uncommon trap: reason=bimorphic action=maybe_recompile pc=0xa7c18210 method=java.util.Hashtable.get(Ljava/lang/Object;)Ljava/lang/Object; @ 6
Event: 12,241 Thread 0xb650b000 Uncommon trap: reason=bimorphic action=maybe_recompile pc=0xa7c18210 method=java.util.Hashtable.get(Ljava/lang/Object;)Ljava/lang/Object; @ 6
Event: 18935,120 Thread 0x61c83c00 Uncommon trap: reason=unstable_if action=reinterpret pc=0xa79a1138 method=java.util.TaskQueue.isEmpty()Z @ 4
Event: 18935,127 Thread 0x6795e400 Uncommon trap: reason=unstable_if action=reinterpret pc=0xa76e7db8 method=java.util.BitSet.get(I)Z @ 60
Event: 18935,130 Thread 0x6795e400 Uncommon trap: reason=unstable_if action=reinterpret pc=0xa76d2bdc method=java.util.BitSet.get(I)Z @ 60

Internal exceptions (10 events):
Event: 12,025 Thread 0xb650b000 Exception <a 'java/lang/ClassNotFoundException': java/lang/ObjectCustomizer> (0x99685ad8) thrown at [/HUDSON/workspace/8-2-build-linux-i586/jdk8u131/8869/hotspot/src/share/vm/classfile/systemDictionary.cpp, line 210]
Event: 12,026 Thread 0xb650b000 Exception <a 'java/lang/ClassNotFoundException': org/springframework/boot/autoconfigure/web/WebClientAutoConfiguration$RestTemplateConfigurationCustomizer> (0x996a42d0) thrown at [/HUDSON/workspace/8-2-build-linux-i586/jdk8u131/8869/hotspot/src/share/vm/c
Event: 12,026 Thread 0xb650b000 Exception <a 'java/lang/ClassNotFoundException': org/springframework/boot/autoconfigure/web/WebClientAutoConfiguration$RestTemplateConfiguration$$EnhancerBySpringCGLIB$$f76c6e91Customizer> (0x996c7b98) thrown at [/HUDSON/workspace/8-2-build-linux-i586/jdk
Event: 12,027 Thread 0xb650b000 Exception <a 'java/lang/ClassNotFoundException': org/springframework/context/annotation/ConfigurationClassEnhancer$EnhancedConfigurationCustomizer> (0x996e8128) thrown at [/HUDSON/workspace/8-2-build-linux-i586/jdk8u131/8869/hotspot/src/share/vm/classfile
Event: 12,041 Thread 0xb650b000 Exception <a 'java/lang/ClassNotFoundException': org/springframework/boot/web/client/RestTemplateBuilderBeanInfo> (0x99794ee8) thrown at [/HUDSON/workspace/8-2-build-linux-i586/jdk8u131/8869/hotspot/src/share/vm/classfile/systemDictionary.cpp, line 210]
Event: 12,042 Thread 0xb650b000 Exception <a 'java/lang/ClassNotFoundException': org/springframework/boot/web/client/RestTemplateBuilderCustomizer> (0x997a7b48) thrown at [/HUDSON/workspace/8-2-build-linux-i586/jdk8u131/8869/hotspot/src/share/vm/classfile/systemDictionary.cpp, line 210]
Event: 12,044 Thread 0xb650b000 Exception <a 'java/lang/ClassNotFoundException': java/lang/ObjectCustomizer> (0x997d7f18) thrown at [/HUDSON/workspace/8-2-build-linux-i586/jdk8u131/8869/hotspot/src/share/vm/classfile/systemDictionary.cpp, line 210]
Event: 12,049 Thread 0xb650b000 Exception <a 'java/lang/ClassNotFoundException': org/springframework/boot/autoconfigure/web/WebClientAutoConfigurationCustomizer> (0x997f0ee0) thrown at [/HUDSON/workspace/8-2-build-linux-i586/jdk8u131/8869/hotspot/src/share/vm/classfile/systemDictionary.
Event: 12,050 Thread 0xb650b000 Exception <a 'java/lang/ClassNotFoundException': org/springframework/boot/autoconfigure/web/WebClientAutoConfiguration$$EnhancerBySpringCGLIB$$dc1c2dCustomizer> (0x9980dd88) thrown at [/HUDSON/workspace/8-2-build-linux-i586/jdk8u131/8869/hotspot/src/share
Event: 12,051 Thread 0xb650b000 Exception <a 'java/lang/ClassNotFoundException': org/springframework/context/annotation/ConfigurationClassEnhancer$EnhancedConfigurationCustomizer> (0x9982c8a0) thrown at [/HUDSON/workspace/8-2-build-linux-i586/jdk8u131/8869/hotspot/src/share/vm/classfile

Events (10 events):
Event: 18935,130 Thread 0x645f7400 flushing nmethod 0xa76b3908
Event: 18935,131 loading class sun/nio/cs/ThreadLocalCoders
Event: 18935,131 loading class sun/nio/cs/ThreadLocalCoders done
Event: 18935,131 loading class sun/nio/cs/ThreadLocalCoders$1
Event: 18935,131 loading class sun/nio/cs/ThreadLocalCoders$Cache
Event: 18935,131 loading class sun/nio/cs/ThreadLocalCoders$Cache done
Event: 18935,131 loading class sun/nio/cs/ThreadLocalCoders$1 done
Event: 18935,131 loading class sun/nio/cs/ThreadLocalCoders$2
Event: 18935,131 loading class sun/nio/cs/ThreadLocalCoders$2 done
Event: 18935,132 loading class sun/nio/ch/SocketChannelImpl


Dynamic libraries:
08048000-08049000 r-xp 00000000 08:03 2107901    /usr/lib/jvm/java-8-oracle/bin/java
08049000-0804a000 rw-p 00000000 08:03 2107901    /usr/lib/jvm/java-8-oracle/bin/java
081fd000-0823f000 rw-p 00000000 00:00 0          [heap]
603ee000-60641000 rw-p 00000000 00:00 0 
60641000-60644000 ---p 00000000 00:00 0 
60644000-60692000 rw-p 00000000 00:00 0 
60692000-60695000 ---p 00000000 00:00 0 
60695000-606e3000 rw-p 00000000 00:00 0 
606e3000-606e6000 ---p 00000000 00:00 0 
606e6000-60734000 rw-p 00000000 00:00 0 
60734000-60737000 ---p 00000000 00:00 0 
60737000-60785000 rw-p 00000000 00:00 0 
60785000-60788000 ---p 00000000 00:00 0 
60788000-607d6000 rw-p 00000000 00:00 0 
607d6000-607d9000 ---p 00000000 00:00 0 
607d9000-60827000 rw-p 00000000 00:00 0 
60827000-6082a000 ---p 00000000 00:00 0 
6082a000-60878000 rw-p 00000000 00:00 0 
60878000-6087b000 ---p 00000000 00:00 0 
6087b000-608c9000 rw-p 00000000 00:00 0 
608c9000-608cc000 ---p 00000000 00:00 0 
608cc000-6091a000 rw-p 00000000 00:00 0 
6091a000-6091d000 ---p 00000000 00:00 0 
6091d000-6096b000 rw-p 00000000 00:00 0 
6096b000-6096e000 ---p 00000000 00:00 0 
6096e000-609bc000 rw-p 00000000 00:00 0 
609bc000-609bf000 ---p 00000000 00:00 0 
609bf000-60a0d000 rw-p 00000000 00:00 0 
60a0d000-60a10000 ---p 00000000 00:00 0 
60a10000-60a5e000 rw-p 00000000 00:00 0 
60a5e000-60a61000 ---p 00000000 00:00 0 
60a61000-60aaf000 rw-p 00000000 00:00 0 
60aaf000-60ab2000 ---p 00000000 00:00 0 
60ab2000-60b00000 rw-p 00000000 00:00 0 
60b00000-60b90000 rw-p 00000000 00:00 0 
60b90000-60c00000 ---p 00000000 00:00 0 
60c00000-60d00000 rw-p 00000000 00:00 0 
60d00000-60e00000 rw-p 00000000 00:00 0 
60e00000-60f00000 rw-p 00000000 00:00 0 
60f00000-61000000 rw-p 00000000 00:00 0 
61000000-610fe000 rw-p 00000000 00:00 0 
610fe000-61100000 ---p 00000000 00:00 0 
61100000-61200000 rw-p 00000000 00:00 0 
61200000-61300000 rw-p 00000000 00:00 0 
61300000-61400000 rw-p 00000000 00:00 0 
61400000-61500000 rw-p 00000000 00:00 0 
61500000-61600000 rw-p 00000000 00:00 0 
61600000-61700000 rw-p 00000000 00:00 0 
61700000-61800000 rw-p 00000000 00:00 0 
61800000-61900000 rw-p 00000000 00:00 0 
6190d000-61910000 ---p 00000000 00:00 0 
61910000-61a5e000 rw-p 00000000 00:00 0 
61a5e000-61a61000 ---p 00000000 00:00 0 
61a61000-61baf000 rw-p 00000000 00:00 0 
61baf000-61bb2000 ---p 00000000 00:00 0 
61bb2000-61c00000 rw-p 00000000 00:00 0 
61c00000-61cfa000 rw-p 00000000 00:00 0 
61cfa000-61d00000 ---p 00000000 00:00 0 
61d00000-61e00000 rw-p 00000000 00:00 0 
61e00000-61e76000 rw-p 00000000 00:00 0 
61e76000-61f00000 ---p 00000000 00:00 0 
61f00000-61fa8000 rw-p 00000000 00:00 0 
61fa8000-62000000 ---p 00000000 00:00 0 
62000000-620fe000 rw-p 00000000 00:00 0 
620fe000-62100000 ---p 00000000 00:00 0 
62100000-62200000 rw-p 00000000 00:00 0 
62200000-622fa000 rw-p 00000000 00:00 0 
622fa000-62300000 ---p 00000000 00:00 0 
62300000-623f7000 rw-p 00000000 00:00 0 
623f7000-62400000 ---p 00000000 00:00 0 
62400000-624fe000 rw-p 00000000 00:00 0 
624fe000-62500000 ---p 00000000 00:00 0 
62500000-62600000 rw-p 00000000 00:00 0 
62600000-62700000 rw-p 00000000 00:00 0 
62700000-62800000 rw-p 00000000 00:00 0 
62819000-6281c000 ---p 00000000 00:00 0 
6281c000-6296a000 rw-p 00000000 00:00 0 
6296a000-62a00000 r--s 0110d000 08:03 1980178    /usr/lib/jvm/java-8-oracle/jre/lib/ext/jfxrt.jar
62a00000-62b00000 rw-p 00000000 00:00 0 
62b00000-62bfb000 rw-p 00000000 00:00 0 
62bfb000-62c00000 ---p 00000000 00:00 0 
62c00000-62cdd000 rw-p 00000000 00:00 0 
62cdd000-62d00000 ---p 00000000 00:00 0 
62d00000-62dfa000 rw-p 00000000 00:00 0 
62dfa000-62e00000 ---p 00000000 00:00 0 
62e00000-62ec1000 rw-p 00000000 00:00 0 
62ec1000-62f00000 ---p 00000000 00:00 0 
62f00000-63000000 rw-p 00000000 00:00 0 
63000000-630ff000 rw-p 00000000 00:00 0 
630ff000-63100000 ---p 00000000 00:00 0 
63100000-63200000 rw-p 00000000 00:00 0 
63200000-632fe000 rw-p 00000000 00:00 0 
632fe000-63300000 ---p 00000000 00:00 0 
63300000-633f0000 rw-p 00000000 00:00 0 
633f0000-63400000 ---p 00000000 00:00 0 
63400000-634fe000 rw-p 00000000 00:00 0 
634fe000-63500000 ---p 00000000 00:00 0 
63500000-635fe000 rw-p 00000000 00:00 0 
635fe000-63600000 ---p 00000000 00:00 0 
63600000-63700000 rw-p 00000000 00:00 0 
63700000-637ff000 rw-p 00000000 00:00 0 
637ff000-63800000 ---p 00000000 00:00 0 
63800000-63900000 rw-p 00000000 00:00 0 
63900000-63a00000 rw-p 00000000 00:00 0 
63a00000-63afc000 rw-p 00000000 00:00 0 
63afc000-63b00000 ---p 00000000 00:00 0 
63b00000-63c00000 rw-p 00000000 00:00 0 
63c00000-63cfc000 rw-p 00000000 00:00 0 
63cfc000-63d00000 ---p 00000000 00:00 0 
63d49000-63d4e000 r--s 002f9000 08:03 1980040    /usr/lib/jvm/java-8-oracle/jre/lib/charsets.jar
63d4e000-63d5d000 r-xp 00000000 08:03 1980085    /usr/lib/jvm/java-8-oracle/jre/lib/i386/libnio.so
63d5d000-63d5e000 rw-p 0000e000 08:03 1980085    /usr/lib/jvm/java-8-oracle/jre/lib/i386/libnio.so
63d5e000-63d61000 ---p 00000000 00:00 0 
63d61000-63daf000 rw-p 00000000 00:00 0 
63daf000-63db2000 ---p 00000000 00:00 0 
63db2000-63f00000 rw-p 00000000 00:00 0 
63f00000-64000000 rw-p 00000000 00:00 0 
64000000-64100000 rw-p 00000000 00:00 0 
64101000-64103000 rw-p 00000000 00:00 0 
64103000-64108000 r--s 0009a000 08:03 1980181    /usr/lib/jvm/java-8-oracle/jre/lib/jsse.jar
64108000-64112000 r--s 00116000 08:03 1980176    /usr/lib/jvm/java-8-oracle/jre/lib/ext/localedata.jar
64112000-6412e000 r--s 00393000 08:03 1980170    /usr/lib/jvm/java-8-oracle/jre/lib/ext/cldrdata.jar
6412e000-6412f000 ---p 00000000 00:00 0 
6412f000-641af000 rw-p 00000000 00:00 0 
641af000-641b2000 ---p 00000000 00:00 0 
641b2000-64200000 rw-p 00000000 00:00 0 
64200000-64300000 rw-p 00000000 00:00 0 
64300000-64308000 r-xp 00000000 08:03 1980073    /usr/lib/jvm/java-8-oracle/jre/lib/i386/libmanagement.so
64308000-64309000 rw-p 00007000 08:03 1980073    /usr/lib/jvm/java-8-oracle/jre/lib/i386/libmanagement.so
64309000-64310000 r--s 00000000 08:03 1577135    /usr/lib/i386-linux-gnu/gconv/gconv-modules.cache
64310000-64335000 r--p 00000000 08:03 1971826    /usr/share/locale-langpack/pl/LC_MESSAGES/libc.mo
64335000-64338000 ---p 00000000 00:00 0 
64338000-643b6000 rw-p 00000000 00:00 0 
643b6000-643cb000 r-xp 00000000 08:03 1980092    /usr/lib/jvm/java-8-oracle/jre/lib/i386/libnet.so
643cb000-643cc000 rw-p 00015000 08:03 1980092    /usr/lib/jvm/java-8-oracle/jre/lib/i386/libnet.so
643cc000-643cf000 ---p 00000000 00:00 0 
643cf000-6444d000 rw-p 00000000 00:00 0 
6444d000-64450000 ---p 00000000 00:00 0 
64450000-6449e000 rw-p 00000000 00:00 0 
6449e000-644ad000 r--s 001ae000 08:03 1073801    /home/andrew/.m2/repository/com/h2database/h2/1.4.195/h2-1.4.195.jar
644ad000-644c3000 r--s 000fc000 08:03 1457813    /home/andrew/.m2/repository/org/springframework/spring-core/4.3.9.RELEASE/spring-core-4.3.9.RELEASE.jar
644c3000-644c8000 r--s 0003c000 08:03 1457848    /home/andrew/.m2/repository/org/springframework/spring-expression/4.3.9.RELEASE/spring-expression-4.3.9.RELEASE.jar
644c8000-644d9000 r--s 000cf000 08:03 1457801    /home/andrew/.m2/repository/org/springframework/spring-webmvc/4.3.9.RELEASE/spring-webmvc-4.3.9.RELEASE.jar
644d9000-644eb000 r--s 000b7000 08:03 1457803    /home/andrew/.m2/repository/org/springframework/spring-web/4.3.9.RELEASE/spring-web-4.3.9.RELEASE.jar
644eb000-644ee000 r--s 00042000 08:03 1325436    /home/andrew/.m2/repository/com/fasterxml/jackson/core/jackson-core/2.8.8/jackson-core-2.8.8.jar
644ee000-64500000 r--s 0011d000 08:03 1325402    /home/andrew/.m2/repository/com/fasterxml/jackson/core/jackson-databind/2.8.8/jackson-databind-2.8.8.jar
64500000-645fa000 rw-p 00000000 00:00 0 
645fa000-64600000 ---p 00000000 00:00 0 
64600000-64602000 r--s 0001a000 08:03 1048781    /home/andrew/Programy/idea-IC-171.4073.35/lib/idea_rt.jar
64602000-64605000 r--s 0000b000 08:03 1325409    /home/andrew/.m2/repository/com/fasterxml/jackson/core/jackson-annotations/2.8.0/jackson-annotations-2.8.0.jar
64605000-64607000 r--s 0000e000 08:03 1325441    /home/andrew/.m2/repository/com/fasterxml/classmate/1.3.3/classmate-1.3.3.jar
64607000-6460b000 r--s 0000c000 08:03 1186077    /home/andrew/.m2/repository/javax/validation/validation-api/1.1.0.Final/validation-api-1.1.0.Final.jar
6460b000-6461c000 r--s 000a1000 08:03 1325390    /home/andrew/.m2/repository/org/hibernate/hibernate-validator/5.3.5.Final/hibernate-validator-5.3.5.Final.jar
6461c000-64622000 r--s 00036000 08:03 1457815    /home/andrew/.m2/repository/org/apache/tomcat/embed/tomcat-embed-websocket/8.5.15/tomcat-embed-websocket-8.5.15.jar
64622000-64627000 r--s 00036000 08:03 1073502    /home/andrew/.m2/repository/org/apache/tomcat/embed/tomcat-embed-el/8.5.15/tomcat-embed-el-8.5.15.jar
64627000-64651000 r--s 002c0000 08:03 1073500    /home/andrew/.m2/repository/org/apache/tomcat/embed/tomcat-embed-core/8.5.15/tomcat-embed-core-8.5.15.jar
64651000-64652000 r--s 00000000 08:03 1457828    /home/andrew/.m2/repository/org/springframework/boot/spring-boot-starter-tomcat/1.5.4.RELEASE/spring-boot-starter-tomcat-1.5.4.RELEASE.jar
64652000-64655000 r--s 0000c000 08:03 1457841    /home/andrew/.m2/repository/org/springframework/spring-aspects/4.3.9.RELEASE/spring-aspects-4.3.9.RELEASE.jar
64655000-64663000 r--s 000ad000 08:03 1457845    /home/andrew/.m2/repository/org/springframework/spring-beans/4.3.9.RELEASE/spring-beans-4.3.9.RELEASE.jar
64663000-6466b000 r--s 0003a000 08:03 1457825    /home/andrew/.m2/repository/org/springframework/spring-tx/4.3.9.RELEASE/spring-tx-4.3.9.RELEASE.jar
6466b000-64684000 r--s 000fe000 08:03 1457826    /home/andrew/.m2/repository/org/springframework/spring-context/4.3.9.RELEASE/spring-context-4.3.9.RELEASE.jar
64684000-64697000 r--s 000ac000 08:03 1457814    /home/andrew/.m2/repository/org/springframework/data/spring-data-commons/1.13.4.RELEASE/spring-data-commons-1.13.4.RELEASE.jar
64697000-64700000 r--s 004f3000 08:03 1182867    /home/andrew/.m2/repository/org/hibernate/hibernate-core/5.0.12.Final/hibernate-core-5.0.12.Final.jar
64700000-647fd000 rw-p 00000000 00:00 0 
647fd000-64800000 ---p 00000000 00:00 0 
64800000-64801000 r--s 00000000 08:03 1457838    /home/andrew/.m2/repository/org/springframework/boot/spring-boot-starter-web/1.5.4.RELEASE/spring-boot-starter-web-1.5.4.RELEASE.jar
64801000-64803000 r--s 00003000 08:03 1065468    /home/andrew/.m2/repository/org/slf4j/jcl-over-slf4j/1.7.25/jcl-over-slf4j-1.7.25.jar
64803000-64805000 r--s 00009000 08:03 1325437    /home/andrew/.m2/repository/org/slf4j/slf4j-api/1.7.25/slf4j-api-1.7.25.jar
64805000-6480f000 r--s 0006b000 08:03 1457827    /home/andrew/.m2/repository/org/springframework/spring-orm/4.3.9.RELEASE/spring-orm-4.3.9.RELEASE.jar
6480f000-64816000 r--s 00040000 08:03 1457798    /home/andrew/.m2/repository/org/springframework/data/spring-data-jpa/1.11.4.RELEASE/spring-data-jpa-1.11.4.RELEASE.jar
64816000-64818000 r--s 00006000 08:03 1324926    /home/andrew/.m2/repository/javax/transaction/javax.transaction-api/1.2/javax.transaction-api-1.2.jar
64818000-64825000 r--s 00089000 08:03 1182961    /home/andrew/.m2/repository/org/hibernate/hibernate-entitymanager/5.0.12.Final/hibernate-entitymanager-5.0.12.Final.jar
64825000-64828000 r--s 00010000 08:03 1182967    /home/andrew/.m2/repository/org/hibernate/common/hibernate-commons-annotations/5.0.1.Final/hibernate-commons-annotations-5.0.1.Final.jar
64828000-6482d000 r--s 00048000 08:03 1182872    /home/andrew/.m2/repository/dom4j/dom4j/1.6.1/dom4j-1.6.1.jar
6482d000-64830000 r--s 0002b000 08:03 1182873    /home/andrew/.m2/repository/org/jboss/jandex/2.0.0.Final/jandex-2.0.0.Final.jar
64830000-64835000 r--s 00068000 08:03 1186439    /home/andrew/.m2/repository/antlr/antlr/2.7.7/antlr-2.7.7.jar
64835000-6483f000 r--s 000aa000 08:03 1182960    /home/andrew/.m2/repository/org/javassist/javassist/3.21.0-GA/javassist-3.21.0-GA.jar
6483f000-64844000 r--s 00017000 08:03 1182957    /home/andrew/.m2/repository/org/hibernate/javax/persistence/hibernate-jpa-2.1-api/1.0.0.Final/hibernate-jpa-2.1-api-1.0.0.Final.jar
64844000-64847000 r--s 0000e000 08:03 1325399    /home/andrew/.m2/repository/org/jboss/logging/jboss-logging/3.3.1.Final/jboss-logging-3.3.1.Final.jar
64847000-64851000 r--s 0005f000 08:03 1457829    /home/andrew/.m2/repository/org/springframework/spring-jdbc/4.3.9.RELEASE/spring-jdbc-4.3.9.RELEASE.jar
64851000-64853000 r--s 00009000 08:03 1073496    /home/andrew/.m2/repository/org/apache/tomcat/tomcat-juli/8.5.15/tomcat-juli-8.5.15.jar
64853000-64856000 r--s 00021000 08:03 1073495    /home/andrew/.m2/repository/org/apache/tomcat/tomcat-jdbc/8.5.15/tomcat-jdbc-8.5.15.jar
64856000-64857000 r--s 00000000 08:03 1457816    /home/andrew/.m2/repository/org/springframework/boot/spring-boot-starter-jdbc/1.5.4.RELEASE/spring-boot-starter-jdbc-1.5.4.RELEASE.jar
64857000-6486f000 r--s 001bf000 08:03 1073494    /home/andrew/.m2/repository/org/aspectj/aspectjweaver/1.8.10/aspectjweaver-1.8.10.jar
6486f000-64878000 r--s 00054000 08:03 1457842    /home/andrew/.m2/repository/org/springframework/spring-aop/4.3.9.RELEASE/spring-aop-4.3.9.RELEASE.jar
64878000-64879000 r--s 00000000 08:03 1457818    /home/andrew/.m2/repository/org/springframework/boot/spring-boot-starter-aop/1.5.4.RELEASE/spring-boot-starter-aop-1.5.4.RELEASE.jar
64879000-6487f000 r--s 0003d000 08:03 1325396    /home/andrew/.m2/repository/org/yaml/snakeyaml/1.17/snakeyaml-1.17.jar
6487f000-64881000 r--s 00004000 08:03 1325391    /home/andrew/.m2/repository/org/slf4j/log4j-over-slf4j/1.7.25/log4j-over-slf4j-1.7.25.jar
64881000-64883000 r--s 00000000 08:03 1186618    /home/andrew/.m2/repository/org/slf4j/jul-to-slf4j/1.7.25/jul-to-slf4j-1.7.25.jar
64883000-648a3000 r--s 000e5000 08:03 1457833    /home/andrew/.m2/repository/org/springframework/boot/spring-boot-autoconfigure/1.5.4.RELEASE/spring-boot-autoconfigure-1.5.4.RELEASE.jar
648a3000-648b3000 r--s 00095000 08:03 1457850    /home/andrew/.m2/repository/org/springframework/boot/spring-boot/1.5.4.RELEASE/spring-boot-1.5.4.RELEASE.jar
648b3000-648b6000 ---p 00000000 00:00 0 
648b6000-64904000 rw-p 00000000 00:00 0 
64904000-64a36000 r--p 00858000 08:03 1579778    /usr/lib/locale/locale-archive
64a36000-64c36000 r--p 00000000 08:03 1579778    /usr/lib/locale/locale-archive
64c36000-64c39000 ---p 00000000 00:00 0 
64c39000-64c87000 rw-p 00000000 00:00 0 
64c87000-64c8a000 ---p 00000000 00:00 0 
64c8a000-64cd8000 rw-p 00000000 00:00 0 
64cd8000-64cd9000 ---p 00000000 00:00 0 
64cd9000-64d59000 rw-p 00000000 00:00 0 
64d59000-64f32000 r--s 03d40000 08:03 1980140    /usr/lib/jvm/java-8-oracle/jre/lib/rt.jar
64f32000-65378000 rw-p 00000000 00:00 0 
65378000-6537e000 ---p 00000000 00:00 0 
6537e000-67700000 rw-p 00000000 00:00 0 
67700000-677fe000 rw-p 00000000 00:00 0 
677fe000-67800000 ---p 00000000 00:00 0 
67800000-678f9000 rw-p 00000000 00:00 0 
678f9000-67900000 ---p 00000000 00:00 0 
67900000-679fb000 rw-p 00000000 00:00 0 
679fb000-67a00000 ---p 00000000 00:00 0 
67a00000-67a0b000 r--s 0006a000 08:03 1325387    /home/andrew/.m2/repository/ch/qos/logback/logback-core/1.1.11/logback-core-1.1.11.jar
67a0b000-67ad5000 rw-p 00000000 00:00 0 
67ad5000-67c06000 ---p 00000000 00:00 0 
67c06000-67c26000 rw-p 00000000 00:00 0 
67c26000-67d56000 ---p 00000000 00:00 0 
67d56000-67dbb000 rw-p 00000000 00:00 0 
67dbb000-67dff000 ---p 00000000 00:00 0 
67dff000-6be00000 rw-p 00000000 00:00 0 
6be00000-91f80000 ---p 00000000 00:00 0 
91f80000-9e780000 rw-p 00000000 00:00 0 
9e780000-a7000000 ---p 00000000 00:00 0 
a7000000-a7007000 r--s 00045000 08:03 1325386    /home/andrew/.m2/repository/ch/qos/logback/logback-classic/1.1.11/logback-classic-1.1.11.jar
a7007000-a7008000 r--s 00000000 08:03 1457807    /home/andrew/.m2/repository/org/springframework/boot/spring-boot-starter-logging/1.5.4.RELEASE/spring-boot-starter-logging-1.5.4.RELEASE.jar
a7008000-a7009000 r--s 00000000 08:03 1457802    /home/andrew/.m2/repository/org/springframework/boot/spring-boot-starter/1.5.4.RELEASE/spring-boot-starter-1.5.4.RELEASE.jar
a7009000-a700a000 r--s 00000000 08:03 1457795    /home/andrew/.m2/repository/org/springframework/boot/spring-boot-starter-data-jpa/1.5.4.RELEASE/spring-boot-starter-data-jpa-1.5.4.RELEASE.jar
a700a000-a701d000 r--s 00345000 08:03 1980041    /usr/lib/jvm/java-8-oracle/jre/lib/resources.jar
a701d000-a702f000 r--s 000d6000 08:03 1980025    /usr/lib/jvm/java-8-oracle/jre/lib/plugin.jar
a702f000-a7034000 r--s 0009a000 08:03 1980181    /usr/lib/jvm/java-8-oracle/jre/lib/jsse.jar
a7034000-a7036000 r--s 00007000 08:03 1980119    /usr/lib/jvm/java-8-oracle/jre/lib/jfxswt.jar
a7036000-a703b000 r--s 00084000 08:03 1980166    /usr/lib/jvm/java-8-oracle/jre/lib/jfr.jar
a703b000-a703e000 r--s 0001a000 08:03 1980042    /usr/lib/jvm/java-8-oracle/jre/lib/jce.jar
a703e000-a703f000 ---p 00000000 00:00 0 
a703f000-a70bf000 rw-p 00000000 00:00 0 
a70bf000-a70c0000 ---p 00000000 00:00 0 
a70c0000-a7168000 rw-p 00000000 00:00 0 
a7168000-a7500000 ---p 00000000 00:00 0 
a7500000-a7f00000 rwxp 00000000 00:00 0 
a7f00000-b6500000 ---p 00000000 00:00 0 
b6500000-b65fc000 rw-p 00000000 00:00 0 
b65fc000-b6600000 ---p 00000000 00:00 0 
b6600000-b6601000 r--s 00000000 08:03 1980186    /usr/lib/jvm/java-8-oracle/jre/lib/management-agent.jar
b6601000-b661c000 r--s 0020b000 08:03 1979937    /usr/lib/jvm/java-8-oracle/jre/lib/deploy.jar
b661c000-b6634000 rw-p 00000000 00:00 0 
b6634000-b664d000 r-xp 00000000 08:03 1980081    /usr/lib/jvm/java-8-oracle/jre/lib/i386/libzip.so
b664d000-b664e000 rw-p 00019000 08:03 1980081    /usr/lib/jvm/java-8-oracle/jre/lib/i386/libzip.so
b664e000-b6658000 r-xp 00000000 08:03 1326444    /lib/i386-linux-gnu/libnss_files-2.19.so
b6658000-b6659000 r--p 00009000 08:03 1326444    /lib/i386-linux-gnu/libnss_files-2.19.so
b6659000-b665a000 rw-p 0000a000 08:03 1326444    /lib/i386-linux-gnu/libnss_files-2.19.so
b665a000-b6664000 r-xp 00000000 08:03 1326459    /lib/i386-linux-gnu/libnss_nis-2.19.so
b6664000-b6665000 r--p 00009000 08:03 1326459    /lib/i386-linux-gnu/libnss_nis-2.19.so
b6665000-b6666000 rw-p 0000a000 08:03 1326459    /lib/i386-linux-gnu/libnss_nis-2.19.so
b6666000-b667b000 r-xp 00000000 08:03 1326440    /lib/i386-linux-gnu/libnsl-2.19.so
b667b000-b667c000 r--p 00015000 08:03 1326440    /lib/i386-linux-gnu/libnsl-2.19.so
b667c000-b667d000 rw-p 00016000 08:03 1326440    /lib/i386-linux-gnu/libnsl-2.19.so
b667d000-b667f000 rw-p 00000000 00:00 0 
b667f000-b6689000 r--s 0006c000 08:03 1980129    /usr/lib/jvm/java-8-oracle/jre/lib/javaws.jar
b6689000-b668e000 r--s 002f9000 08:03 1980040    /usr/lib/jvm/java-8-oracle/jre/lib/charsets.jar
b668e000-b6696000 rw-s 00000000 08:03 1982522    /tmp/hsperfdata_andrew/4616
b6696000-b669f000 r-xp 00000000 08:03 1980083    /usr/lib/jvm/java-8-oracle/jre/lib/i386/libinstrument.so
b669f000-b66a0000 rw-p 00008000 08:03 1980083    /usr/lib/jvm/java-8-oracle/jre/lib/i386/libinstrument.so
b66a0000-b66c4000 r-xp 00000000 08:03 1980065    /usr/lib/jvm/java-8-oracle/jre/lib/i386/libjava.so
b66c4000-b66c5000 rw-p 00024000 08:03 1980065    /usr/lib/jvm/java-8-oracle/jre/lib/i386/libjava.so
b66c5000-b66cc000 r-xp 00000000 08:03 1326452    /lib/i386-linux-gnu/librt-2.19.so
b66cc000-b66cd000 r--p 00006000 08:03 1326452    /lib/i386-linux-gnu/librt-2.19.so
b66cd000-b66ce000 rw-p 00007000 08:03 1326452    /lib/i386-linux-gnu/librt-2.19.so
b66ce000-b66d1000 ---p 00000000 00:00 0 
b66d1000-b671f000 rw-p 00000000 00:00 0 
b671f000-b6763000 r-xp 00000000 08:03 1326446    /lib/i386-linux-gnu/libm-2.19.so
b6763000-b6764000 r--p 00043000 08:03 1326446    /lib/i386-linux-gnu/libm-2.19.so
b6764000-b6765000 rw-p 00044000 08:03 1326446    /lib/i386-linux-gnu/libm-2.19.so
b6765000-b70f1000 r-xp 00000000 08:03 1980114    /usr/lib/jvm/java-8-oracle/jre/lib/i386/server/libjvm.so
b70f1000-b715f000 rw-p 0098b000 08:03 1980114    /usr/lib/jvm/java-8-oracle/jre/lib/i386/server/libjvm.so
b715f000-b7588000 rw-p 00000000 00:00 0 
b7588000-b7733000 r-xp 00000000 08:03 1326447    /lib/i386-linux-gnu/libc-2.19.so
b7733000-b7735000 r--p 001aa000 08:03 1326447    /lib/i386-linux-gnu/libc-2.19.so
b7735000-b7736000 rw-p 001ac000 08:03 1326447    /lib/i386-linux-gnu/libc-2.19.so
b7736000-b7739000 rw-p 00000000 00:00 0 
b7739000-b773c000 r-xp 00000000 08:03 1326451    /lib/i386-linux-gnu/libdl-2.19.so
b773c000-b773d000 r--p 00002000 08:03 1326451    /lib/i386-linux-gnu/libdl-2.19.so
b773d000-b773e000 rw-p 00003000 08:03 1326451    /lib/i386-linux-gnu/libdl-2.19.so
b773e000-b7752000 r-xp 00000000 08:03 2230603    /usr/lib/jvm/java-8-oracle/lib/i386/jli/libjli.so
b7752000-b7753000 rw-p 00014000 08:03 2230603    /usr/lib/jvm/java-8-oracle/lib/i386/jli/libjli.so
b7753000-b7754000 rw-p 00000000 00:00 0 
b7754000-b776c000 r-xp 00000000 08:03 1326448    /lib/i386-linux-gnu/libpthread-2.19.so
b776c000-b776d000 r--p 00018000 08:03 1326448    /lib/i386-linux-gnu/libpthread-2.19.so
b776d000-b776e000 rw-p 00019000 08:03 1326448    /lib/i386-linux-gnu/libpthread-2.19.so
b776e000-b7770000 rw-p 00000000 00:00 0 
b7770000-b7777000 r-xp 00000000 08:03 1326457    /lib/i386-linux-gnu/libnss_compat-2.19.so
b7777000-b7778000 r--p 00006000 08:03 1326457    /lib/i386-linux-gnu/libnss_compat-2.19.so
b7778000-b7779000 rw-p 00007000 08:03 1326457    /lib/i386-linux-gnu/libnss_compat-2.19.so
b7779000-b777a000 rw-p 00000000 00:00 0 
b777a000-b777b000 r--p 00000000 00:00 0 
b777b000-b7786000 r-xp 00000000 08:03 1980062    /usr/lib/jvm/java-8-oracle/jre/lib/i386/libverify.so
b7786000-b7787000 rw-p 0000b000 08:03 1980062    /usr/lib/jvm/java-8-oracle/jre/lib/i386/libverify.so
b7787000-b7789000 rw-p 00000000 00:00 0 
b7789000-b778b000 r--p 00000000 00:00 0          [vvar]
b778b000-b778d000 r-xp 00000000 00:00 0          [vdso]
b778d000-b77ad000 r-xp 00000000 08:03 1326455    /lib/i386-linux-gnu/ld-2.19.so
b77ad000-b77ae000 r--p 0001f000 08:03 1326455    /lib/i386-linux-gnu/ld-2.19.so
b77ae000-b77af000 rw-p 00020000 08:03 1326455    /lib/i386-linux-gnu/ld-2.19.so
bfccb000-bfcee000 rw-p 00000000 00:00 0          [stack]

VM Arguments:
jvm_args: -javaagent:/home/andrew/Programy/idea-IC-171.4073.35/lib/idea_rt.jar=42095:/home/andrew/Programy/idea-IC-171.4073.35/bin -Dfile.encoding=UTF-8 
java_command: andrew.Application
java_class_path (initial): /usr/lib/jvm/java-8-oracle/jre/lib/charsets.jar:/usr/lib/jvm/java-8-oracle/jre/lib/deploy.jar:/usr/lib/jvm/java-8-oracle/jre/lib/ext/cldrdata.jar:/usr/lib/jvm/java-8-oracle/jre/lib/ext/dnsns.jar:/usr/lib/jvm/java-8-oracle/jre/lib/ext/jaccess.jar:/usr/lib/jvm/java-8-oracle/jre/lib/ext/jfxrt.jar:/usr/lib/jvm/java-8-oracle/jre/lib/ext/localedata.jar:/usr/lib/jvm/java-8-oracle/jre/lib/ext/nashorn.jar:/usr/lib/jvm/java-8-oracle/jre/lib/ext/sunec.jar:/usr/lib/jvm/java-8-oracle/jre/lib/ext/sunjce_provider.jar:/usr/lib/jvm/java-8-oracle/jre/lib/ext/sunpkcs11.jar:/usr/lib/jvm/java-8-oracle/jre/lib/ext/zipfs.jar:/usr/lib/jvm/java-8-oracle/jre/lib/javaws.jar:/usr/lib/jvm/java-8-oracle/jre/lib/jce.jar:/usr/lib/jvm/java-8-oracle/jre/lib/jfr.jar:/usr/lib/jvm/java-8-oracle/jre/lib/jfxswt.jar:/usr/lib/jvm/java-8-oracle/jre/lib/jsse.jar:/usr/lib/jvm/java-8-oracle/jre/lib/management-agent.jar:/usr/lib/jvm/java-8-oracle/jre/lib/plugin.jar:/usr/lib/jvm/java-8-oracle/jre/lib/resources.jar:/usr/lib/jvm/java-8-oracle/jre/lib/rt.jar:/home/andrew/Dokumenty/JPAWarehouse/target/classes:/home/andrew/.m2/repository/org/springframework/boot/spring-boot-starter-data-jpa/1.5.4.RELEASE/spring-boot-starter-data-jpa-1.5.4.RELEASE.jar:/home/andrew/.m2/repository/org/springframework/boot/spring-boot-starter/1.5.4.RELEASE/spring-boot-starter-1.5.4.RELEASE.jar:/home/andrew/.m2/repository/org/springframework/boot/spring-boot/1.5.4.RELEASE/spring-boot-1.5.4.RELEASE.jar:/home/andrew/.m2/repository/org/springframework/boot/spring-boot-autoconfigure/1.5.4.RELEASE/spring-boot-autoconfigure-1.5.4.RELEASE.jar:/home/andrew/.m2/repository/org/springframework/boot/spring-boot-starter-logging/1.5.4.RELEASE/spring-boot-starter-logging-1.5.4.RELEASE.jar:/home/andrew/.m2/repository/ch/qos/logback/logback-classic/1.1.11/logback-classic-1.1.11.jar:/home/andrew/.m2/repository/ch/qos/logback/logback-core/1.1.11/logback-core-1.1.11.jar:/home/andrew/.m2/repository/org/slf4j/jul-to-slf4j/1.7.25/ju
Launcher Type: SUN_STANDARD

Environment Variables:
JAVA_HOME=/usr/lib/jvm/java-8-oracle
PATH=/usr/local/sbin:/usr/local/bin:/usr/sbin:/usr/bin:/sbin:/bin:/usr/games:/usr/local/games:/usr/lib/jvm/java-8-oracle/bin:/usr/lib/jvm/java-8-oracle/db/bin:/usr/lib/jvm/java-8-oracle/jre/bin
LD_LIBRARY_PATH=/home/andrew/Programy/idea-IC-171.4073.35/bin:
SHELL=/bin/bash
DISPLAY=:0

Signal Handlers:
SIGSEGV: [libjvm.so+0x8d7a50], sa_mask[0]=11111111011111111101111111111110, sa_flags=SA_RESTART|SA_SIGINFO
SIGBUS: [libjvm.so+0x8d7a50], sa_mask[0]=11111111011111111101111111111110, sa_flags=SA_RESTART|SA_SIGINFO
SIGFPE: [libjvm.so+0x754820], sa_mask[0]=11111111011111111101111111111110, sa_flags=SA_RESTART|SA_SIGINFO
SIGPIPE: [libjvm.so+0x754820], sa_mask[0]=11111111011111111101111111111110, sa_flags=SA_RESTART|SA_SIGINFO
SIGXFSZ: [libjvm.so+0x754820], sa_mask[0]=11111111011111111101111111111110, sa_flags=SA_RESTART|SA_SIGINFO
SIGILL: [libjvm.so+0x754820], sa_mask[0]=11111111011111111101111111111110, sa_flags=SA_RESTART|SA_SIGINFO
SIGUSR1: SIG_DFL, sa_mask[0]=00000000000000000000000000000000, sa_flags=none
SIGUSR2: [libjvm.so+0x7560d0], sa_mask[0]=00100000000000000000000000000000, sa_flags=SA_RESTART|SA_SIGINFO
SIGHUP: [libjvm.so+0x757580], sa_mask[0]=11111111011111111101111111111110, sa_flags=SA_RESTART|SA_SIGINFO
SIGINT: [libjvm.so+0x757580], sa_mask[0]=11111111011111111101111111111110, sa_flags=SA_RESTART|SA_SIGINFO
SIGTERM: [libjvm.so+0x757580], sa_mask[0]=11111111011111111101111111111110, sa_flags=SA_RESTART|SA_SIGINFO
SIGQUIT: [libjvm.so+0x757580], sa_mask[0]=11111111011111111101111111111110, sa_flags=SA_RESTART|SA_SIGINFO


---------------  S Y S T E M  ---------------

OS:DISTRIB_ID=Ubuntu
DISTRIB_RELEASE=14.04
DISTRIB_CODENAME=trusty
DISTRIB_DESCRIPTION="Ubuntu 14.04.5 LTS"

uname:Linux 4.4.0-83-generic #106~14.04.1-Ubuntu SMP Mon Jun 26 18:11:14 UTC 2017 i686
libc:glibc 2.19 NPTL 2.19 
rlimit: STACK 8192k, CORE 0k, NPROC 32087, NOFILE 4096, AS infinity
load average:0,52 0,46 0,38

/proc/meminfo:
MemTotal:        4129584 kB
MemFree:          443224 kB
MemAvailable:    1428548 kB
Buffers:          180032 kB
Cached:          1487668 kB
SwapCached:           36 kB
Active:          2739924 kB
Inactive:         869696 kB
Active(anon):    1857996 kB
Inactive(anon):   423496 kB
Active(file):     881928 kB
Inactive(file):   446200 kB
Unevictable:          48 kB
Mlocked:              48 kB
HighTotal:       3271176 kB
HighFree:         285744 kB
LowTotal:         858408 kB
LowFree:          157480 kB
SwapTotal:       2045948 kB
SwapFree:        2038292 kB
Dirty:             10324 kB
Writeback:             0 kB
AnonPages:       1941948 kB
Mapped:           246068 kB
Shmem:            339572 kB
Slab:              39820 kB
SReclaimable:      22708 kB
SUnreclaim:        17112 kB
KernelStack:        3888 kB
PageTables:        11268 kB
NFS_Unstable:          0 kB
Bounce:                0 kB
WritebackTmp:          0 kB
CommitLimit:     4110740 kB
Committed_AS:    5003152 kB
VmallocTotal:     122880 kB
VmallocUsed:           0 kB
VmallocChunk:          0 kB
AnonHugePages:   1183744 kB
CmaTotal:              0 kB
CmaFree:               0 kB
HugePages_Total:       0
HugePages_Free:        0
HugePages_Rsvd:        0
HugePages_Surp:        0
Hugepagesize:       2048 kB
DirectMap4k:       26616 kB
DirectMap2M:      886784 kB


CPU:total 2 (initial active 2) (2 cores per cpu, 1 threads per core) family 6 model 15 stepping 11, cmov, cx8, fxsr, mmx, sse, sse2, sse3, ssse3, tsc

/proc/cpuinfo:
processor	: 0
vendor_id	: GenuineIntel
cpu family	: 6
model		: 15
model name	: Intel(R) Core(TM)2 Duo CPU     T7500  @ 2.20GHz
stepping	: 11
microcode	: 0xb3
cpu MHz		: 800.000
cache size	: 4096 KB
physical id	: 0
siblings	: 2
core id		: 0
cpu cores	: 2
apicid		: 0
initial apicid	: 0
fdiv_bug	: no
f00f_bug	: no
coma_bug	: no
fpu		: yes
fpu_exception	: yes
cpuid level	: 10
wp		: yes
flags		: fpu vme de pse tsc msr pae mce cx8 apic sep mtrr pge mca cmov pat pse36 clflush dts acpi mmx fxsr sse sse2 ss ht tm pbe nx lm constant_tsc arch_perfmon pebs bts aperfmperf pni dtes64 monitor ds_cpl vmx est tm2 ssse3 cx16 xtpr pdcm lahf_lm tpr_shadow vnmi flexpriority dtherm ida
bugs		:
bogomips	: 4388.78
clflush size	: 64
cache_alignment	: 64
address sizes	: 36 bits physical, 48 bits virtual
power management:

processor	: 1
vendor_id	: GenuineIntel
cpu family	: 6
model		: 15
model name	: Intel(R) Core(TM)2 Duo CPU     T7500  @ 2.20GHz
stepping	: 11
microcode	: 0xb3
cpu MHz		: 2201.000
cache size	: 4096 KB
physical id	: 0
siblings	: 2
core id		: 1
cpu cores	: 2
apicid		: 1
initial apicid	: 1
fdiv_bug	: no
f00f_bug	: no
coma_bug	: no
fpu		: yes
fpu_exception	: yes
cpuid level	: 10
wp		: yes
flags		: fpu vme de pse tsc msr pae mce cx8 apic sep mtrr pge mca cmov pat pse36 clflush dts acpi mmx fxsr sse sse2 ss ht tm pbe nx lm constant_tsc arch_perfmon pebs bts aperfmperf pni dtes64 monitor ds_cpl vmx est tm2 ssse3 cx16 xtpr pdcm lahf_lm tpr_shadow vnmi flexpriority dtherm ida
bugs		:
bogomips	: 4388.78
clflush size	: 64
cache_alignment	: 64
address sizes	: 36 bits physical, 48 bits virtual
power management:



Memory: 4k page, physical 4129584k(443224k free), swap 2045948k(2038292k free)

vm_info: Java HotSpot(TM) Server VM (25.131-b11) for linux-x86 JRE (1.8.0_131-b11), built on Mar 15 2017 01:26:42 by "java_re" with gcc 4.3.0 20080428 (Red Hat 4.3.0-8)

time: Fri Jul 14 19:13:16 2017
elapsed time: 18935 seconds (0d 5h 15m 35s)

